<project xmlns="http://maven.apache.org/POM/4.0.0"
	xmlns:xsi="http://www.w3.org/2001/XMLSchema-instance"
	xsi:schemaLocation="http://maven.apache.org/POM/4.0.0 http://maven.apache.org/xsd/maven-4.0.0.xsd">
	<modelVersion>4.0.0</modelVersion>

	<groupId>io.steveswinsburg</groupId>
	<artifactId>xbdd-maven-plugin-test</artifactId>
	<version>1.0-SNAPSHOT</version>
	<packaging>jar</packaging>
	<name>Test the XBDD Maven Plugin</name>

	<dependencies>
		<dependency>
			<groupId>junit</groupId>
			<artifactId>junit</artifactId>
			<version>4.12</version>
			<scope>test</scope>
		</dependency>
	</dependencies>

	<build>
		<plugins>
			<plugin>
				<groupId>io.steveswinsburg</groupId>
				<artifactId>xbdd-maven-plugin</artifactId>
				<configuration>
					<host>http://xbdd.io</host>
					<username>xbdd</username>
					<password>password</password>
					<reports>
						<report></report>
					</reports>

					<!-- inject this to mock out an actual project using this plugin -->
					<project
						implementation="io.steveswinsburg.xbdd.XbddProjectStub" />
				</configuration>
			</plugin>
		</plugins>
	</build>
</project>